<?xml version="1.0" encoding="utf-8" standalone="no"?>
<!--This file represents the results of running a test suite-->
<test-results name="C:\sandbox\spellchecker\CSharpSolution\nunit_spellcheck\spellcheck.nunit" total="17" errors="0" failures="0" not-run="0" inconclusive="0" ignored="0" skipped="0" invalid="0" date="2012-01-08" time="14:02:27">
  <environment nunit-version="2.5.10.11092" clr-version="2.0.50727.5448" os-version="Microsoft Windows NT 6.1.7601 Service Pack 1" platform="Win32NT" cwd="C:\Program Files (x86)\NUnit 2.5.10\bin\net-2.0" machine-name="ANIMUS" user="Charles" user-domain="Animus" />
  <culture-info current-culture="en-US" current-uiculture="en-US" />
  <test-suite type="Test Project" name="C:\sandbox\spellchecker\CSharpSolution\nunit_spellcheck\spellcheck.nunit" executed="True" result="Success" success="True" time="0.859" asserts="0">
    <results>
      <test-suite type="Assembly" name="C:\sandbox\spellchecker\CSharpSolution\nunit_spellcheck\..\spellcheck\spellcheckUnitTests\bin\Release\spellcheckUnitTests.dll" executed="True" result="Success" success="True" time="0.137" asserts="0">
        <results>
          <test-suite type="Namespace" name="spellCheckUnitTests" executed="True" result="Success" success="True" time="0.130" asserts="0">
            <results>
              <test-suite type="TestFixture" name="LetterTreePopulationTests" executed="True" result="Success" success="True" time="0.097" asserts="0">
                <results>
                  <test-case name="spellCheckUnitTests.LetterTreePopulationTests.PopulateNonOverlappingWordsInTree" executed="True" result="Success" success="True" time="0.074" asserts="9" />
                  <test-case name="spellCheckUnitTests.LetterTreePopulationTests.PopulateNoWordInTree" executed="True" result="Success" success="True" time="0.000" asserts="1" />
                  <test-case name="spellCheckUnitTests.LetterTreePopulationTests.PopulateOverlappingWordsInTree" executed="True" result="Success" success="True" time="0.001" asserts="8" />
                  <test-case name="spellCheckUnitTests.LetterTreePopulationTests.PopulateSameWordInTreeTwice" executed="True" result="Success" success="True" time="0.001" asserts="1" />
                  <test-case name="spellCheckUnitTests.LetterTreePopulationTests.PopulateSingleWordIsInTree" executed="True" result="Success" success="True" time="0.002" asserts="8" />
                  <test-case name="spellCheckUnitTests.LetterTreePopulationTests.PopulateSmallerWordUsingSameCharactersAsBiggerWord" executed="True" result="Success" success="True" time="0.002" asserts="15" />
                </results>
              </test-suite>
              <test-suite type="TestFixture" name="LetterTreeSpellCheckTests" executed="True" result="Success" success="True" time="0.030" asserts="0">
                <results>
                  <test-case name="spellCheckUnitTests.LetterTreeSpellCheckTests.SpellcheckExampleOnWebsite" executed="True" result="Success" success="True" time="0.007" asserts="6" />
                  <test-case name="spellCheckUnitTests.LetterTreeSpellCheckTests.SpellcheckIncorrectVowel" executed="True" result="Success" success="True" time="0.000" asserts="1" />
                  <test-case name="spellCheckUnitTests.LetterTreeSpellCheckTests.SpellcheckMismatchedCase" executed="True" result="Success" success="True" time="0.000" asserts="1" />
                  <test-case name="spellCheckUnitTests.LetterTreeSpellCheckTests.SpellcheckNoSuggestionWord" executed="True" result="Success" success="True" time="0.000" asserts="1" />
                  <test-case name="spellCheckUnitTests.LetterTreeSpellCheckTests.SpellcheckProperlySpelled" executed="True" result="Success" success="True" time="0.000" asserts="1" />
                  <test-case name="spellCheckUnitTests.LetterTreeSpellCheckTests.SpellcheckProperlySpelledOneLetterWord" executed="True" result="Success" success="True" time="0.000" asserts="1" />
                  <test-case name="spellCheckUnitTests.LetterTreeSpellCheckTests.SpellcheckRepeatedLetters" executed="True" result="Success" success="True" time="0.001" asserts="1" />
                  <test-case name="spellCheckUnitTests.LetterTreeSpellCheckTests.SpellcheckWordsThatHaveMultipleCasings" executed="True" result="Success" success="True" time="0.000" asserts="2" />
                  <test-case name="spellCheckUnitTests.LetterTreeSpellCheckTests.SpellcheckWordsThatHaveRepeatingCharactersWithMultipleCasings" executed="True" result="Success" success="True" time="0.000" asserts="1" />
                  <test-case name="spellCheckUnitTests.LetterTreeSpellCheckTests.SpellcheckWordsThatHaveRepeatingVowelsNextToOtherVowels" executed="True" result="Success" success="True" time="0.000" asserts="1" />
                  <test-case name="spellCheckUnitTests.LetterTreeSpellCheckTests.SpellcheckWordsThatNeedBacktrackingToFind" executed="True" result="Success" success="True" time="0.001" asserts="1" />
                </results>
              </test-suite>
            </results>
          </test-suite>
        </results>
      </test-suite>
    </results>
  </test-suite>
</test-results>